# JRE version: OpenJDK Runtime Environment Temurin-21.0.9+10 (21.0.9+10) (build 21.0.9+10-LTS)
# Java VM: OpenJDK 64-Bit Server VM Temurin-21.0.9+10 (21.0.9+10-LTS, mixed mode, sharing, tiered, compressed oops, compressed class ptrs, parallel gc, windows-amd64)
GC Precious Log:
 CardTable entry size: 512
 CPUs: 4 total, 4 available
 Memory: 8035M
 Large Page Support: Disabled
 NUMA Support: Disabled
 Compressed Oops: Enabled (32-bit)
 Alignments: Space 512K, Generation 512K, Heap 2M
 Heap Min Capacity: 100M
 Heap Initial Capacity: 100M
 Heap Max Capacity: 2G
 Pre-touch: Disabled
 Parallel Workers: 4
Heap:
 PSYoungGen      total 4096K, used 306K [0x00000000d5580000, 0x00000000d5c80000, 0x0000000100000000)
  eden space 3584K, 3% used [0x00000000d5580000,0x00000000d559cbd0,0x00000000d5900000)
  from space 512K, 37% used [0x00000000d5a80000,0x00000000d5ab0000,0x00000000d5b00000)
  to   space 1024K, 0% used [0x00000000d5b80000,0x00000000d5b80000,0x00000000d5c80000)
 ParOldGen       total 497664K, used 497466K [0x0000000080000000, 0x000000009e600000, 0x00000000d5580000)
  object space 497664K, 99% used [0x0000000080000000,0x000000009e5ce8f8,0x000000009e600000)
 Metaspace       used 78344K, committed 79936K, reserved 1179648K
  class space    used 7896K, committed 8576K, reserved 1048576K
GC Heap History (20 events):
Event: 2112.270 GC heap before
{Heap before GC invocations=548 (full 4):
 PSYoungGen      total 5120K, used 4965K [0x00000000d5580000, 0x00000000d5d00000, 0x0000000100000000)
  eden space 3584K, 98% used [0x00000000d5580000,0x00000000d58f1788,0x00000000d5900000)
  from space 1536K, 93% used [0x00000000d5900000,0x00000000d5a68000,0x00000000d5a80000)
  to   space 2048K, 0% used [0x00000000d5b00000,0x00000000d5b00000,0x00000000d5d00000)
 ParOldGen       total 482304K, used 481997K [0x0000000080000000, 0x000000009d700000, 0x00000000d5580000)
  object space 482304K, 99% used [0x0000000080000000,0x000000009d6b3778,0x000000009d700000)
 Metaspace       used 78290K, committed 79936K, reserved 1179648K
  class space    used 7896K, committed 8576K, reserved 1048576K
}
Event: 2112.274 GC heap after
{Heap after GC invocations=548 (full 4):
 PSYoungGen      total 5632K, used 1766K [0x00000000d5580000, 0x00000000d5d00000, 0x0000000100000000)
  eden space 3584K, 0% used [0x00000000d5580000,0x00000000d5580000,0x00000000d5900000)
  from space 2048K, 86% used [0x00000000d5b00000,0x00000000d5cb99b8,0x00000000d5d00000)
  to   space 2048K, 0% used [0x00000000d5900000,0x00000000d5900000,0x00000000d5b00000)
 ParOldGen       total 483840K, used 483383K [0x0000000080000000, 0x000000009d880000, 0x00000000d5580000)
  object space 483840K, 99% used [0x0000000080000000,0x000000009d80dcc0,0x000000009d880000)
 Metaspace       used 78290K, committed 79936K, reserved 1179648K
  class space    used 7896K, committed 8576K, reserved 1048576K
}
Event: 2112.318 GC heap before
{Heap before GC invocations=549 (full 4):
 PSYoungGen      total 5632K, used 5350K [0x00000000d5580000, 0x00000000d5d00000, 0x0000000100000000)
  eden space 3584K, 100% used [0x00000000d5580000,0x00000000d5900000,0x00000000d5900000)
  from space 2048K, 86% used [0x00000000d5b00000,0x00000000d5cb99b8,0x00000000d5d00000)
  to   space 2048K, 0% used [0x00000000d5900000,0x00000000d5900000,0x00000000d5b00000)
 ParOldGen       total 483840K, used 483383K [0x0000000080000000, 0x000000009d880000, 0x00000000d5580000)
  object space 483840K, 99% used [0x0000000080000000,0x000000009d80dcc0,0x000000009d880000)
 Metaspace       used 78296K, committed 79936K, reserved 1179648K
  class space    used 7896K, committed 8576K, reserved 1048576K
}
Event: 2112.321 GC heap after
{Heap after GC invocations=549 (full 4):
 PSYoungGen      total 5632K, used 2026K [0x00000000d5580000, 0x00000000d6400000, 0x0000000100000000)
  eden space 3584K, 0% used [0x00000000d5580000,0x00000000d5580000,0x00000000d5900000)
  from space 2048K, 98% used [0x00000000d5900000,0x00000000d5afaa00,0x00000000d5b00000)
  to   space 5632K, 0% used [0x00000000d5e80000,0x00000000d5e80000,0x00000000d6400000)
 ParOldGen       total 486400K, used 486024K [0x0000000080000000, 0x000000009db00000, 0x00000000d5580000)
  object space 486400K, 99% used [0x0000000080000000,0x000000009daa21a0,0x000000009db00000)
 Metaspace       used 78296K, committed 79936K, reserved 1179648K
  class space    used 7896K, committed 8576K, reserved 1048576K
}
Event: 2112.392 GC heap before
{Heap before GC invocations=550 (full 4):
 PSYoungGen      total 5632K, used 5610K [0x00000000d5580000, 0x00000000d6400000, 0x0000000100000000)
  eden space 3584K, 100% used [0x00000000d5580000,0x00000000d5900000,0x00000000d5900000)
  from space 2048K, 98% used [0x00000000d5900000,0x00000000d5afaa00,0x00000000d5b00000)
  to   space 5632K, 0% used [0x00000000d5e80000,0x00000000d5e80000,0x00000000d6400000)
 ParOldGen       total 486400K, used 486024K [0x0000000080000000, 0x000000009db00000, 0x00000000d5580000)
  object space 486400K, 99% used [0x0000000080000000,0x000000009daa21a0,0x000000009db00000)
 Metaspace       used 78298K, committed 79936K, reserved 1179648K
  class space    used 7896K, committed 8576K, reserved 1048576K
}
Event: 2112.398 GC heap after
{Heap after GC invocations=550 (full 4):
 PSYoungGen      total 6656K, used 2737K [0x00000000d5580000, 0x00000000d6180000, 0x0000000100000000)
  eden space 3584K, 0% used [0x00000000d5580000,0x00000000d5580000,0x00000000d5900000)
  from space 3072K, 89% used [0x00000000d5e80000,0x00000000d612c638,0x00000000d6180000)
  to   space 3584K, 0% used [0x00000000d5a80000,0x00000000d5a80000,0x00000000d5e00000)
 ParOldGen       total 488448K, used 488044K [0x0000000080000000, 0x000000009dd00000, 0x00000000d5580000)
  object space 488448K, 99% used [0x0000000080000000,0x000000009dc9b070,0x000000009dd00000)
 Metaspace       used 78298K, committed 79936K, reserved 1179648K
  class space    used 7896K, committed 8576K, reserved 1048576K
}
Event: 2112.517 GC heap before
{Heap before GC invocations=551 (full 4):
 PSYoungGen      total 6656K, used 6321K [0x00000000d5580000, 0x00000000d6180000, 0x0000000100000000)
  eden space 3584K, 100% used [0x00000000d5580000,0x00000000d5900000,0x00000000d5900000)
  from space 3072K, 89% used [0x00000000d5e80000,0x00000000d612c638,0x00000000d6180000)
  to   space 3584K, 0% used [0x00000000d5a80000,0x00000000d5a80000,0x00000000d5e00000)
 ParOldGen       total 488448K, used 488044K [0x0000000080000000, 0x000000009dd00000, 0x00000000d5580000)
  object space 488448K, 99% used [0x0000000080000000,0x000000009dc9b070,0x000000009dd00000)
 Metaspace       used 78299K, committed 79936K, reserved 1179648K
  class space    used 7896K, committed 8576K, reserved 1048576K
}
Event: 2112.522 GC heap after
{Heap after GC invocations=551 (full 4):
 PSYoungGen      total 4608K, used 928K [0x00000000d5580000, 0x00000000d5f00000, 0x0000000100000000)
  eden space 3584K, 0% used [0x00000000d5580000,0x00000000d5580000,0x00000000d5900000)
  from space 1024K, 90% used [0x00000000d5a80000,0x00000000d5b68000,0x00000000d5b80000)
  to   space 2048K, 0% used [0x00000000d5d00000,0x00000000d5d00000,0x00000000d5f00000)
 ParOldGen       total 491008K, used 490680K [0x0000000080000000, 0x000000009df80000, 0x00000000d5580000)
  object space 491008K, 99% used [0x0000000080000000,0x000000009df2e1e8,0x000000009df80000)
 Metaspace       used 78299K, committed 79936K, reserved 1179648K
  class space    used 7896K, committed 8576K, reserved 1048576K
}
Event: 2112.679 GC heap before
{Heap before GC invocations=552 (full 4):
 PSYoungGen      total 4608K, used 4511K [0x00000000d5580000, 0x00000000d5f00000, 0x0000000100000000)
  eden space 3584K, 99% used [0x00000000d5580000,0x00000000d58fffe0,0x00000000d5900000)
  from space 1024K, 90% used [0x00000000d5a80000,0x00000000d5b68000,0x00000000d5b80000)
  to   space 2048K, 0% used [0x00000000d5d00000,0x00000000d5d00000,0x00000000d5f00000)
 ParOldGen       total 491008K, used 490680K [0x0000000080000000, 0x000000009df80000, 0x00000000d5580000)
  object space 491008K, 99% used [0x0000000080000000,0x000000009df2e1e8,0x000000009df80000)
 Metaspace       used 78300K, committed 79936K, reserved 1179648K
  class space    used 7896K, committed 8576K, reserved 1048576K
}
Event: 2112.683 GC heap after
{Heap after GC invocations=552 (full 4):
 PSYoungGen      total 5120K, used 1159K [0x00000000d5580000, 0x00000000d5e80000, 0x0000000100000000)
  eden space 3584K, 0% used [0x00000000d5580000,0x00000000d5580000,0x00000000d5900000)
  from space 1536K, 75% used [0x00000000d5d00000,0x00000000d5e21d48,0x00000000d5e80000)
  to   space 1536K, 0% used [0x00000000d5b80000,0x00000000d5b80000,0x00000000d5d00000)
 ParOldGen       total 492032K, used 491551K [0x0000000080000000, 0x000000009e080000, 0x00000000d5580000)
  object space 492032K, 99% used [0x0000000080000000,0x000000009e007c50,0x000000009e080000)
 Metaspace       used 78300K, committed 79936K, reserved 1179648K
  class space    used 7896K, committed 8576K, reserved 1048576K
}
Event: 2112.747 GC heap before
{Heap before GC invocations=553 (full 4):
 PSYoungGen      total 5120K, used 4743K [0x00000000d5580000, 0x00000000d5e80000, 0x0000000100000000)
  eden space 3584K, 100% used [0x00000000d5580000,0x00000000d5900000,0x00000000d5900000)
  from space 1536K, 75% used [0x00000000d5d00000,0x00000000d5e21d48,0x00000000d5e80000)
  to   space 1536K, 0% used [0x00000000d5b80000,0x00000000d5b80000,0x00000000d5d00000)
 ParOldGen       total 492032K, used 491551K [0x0000000080000000, 0x000000009e080000, 0x00000000d5580000)
  object space 492032K, 99% used [0x0000000080000000,0x000000009e007c50,0x000000009e080000)
 Metaspace       used 78307K, committed 79936K, reserved 1179648K
  class space    used 7896K, committed 8576K, reserved 1048576K
}
Event: 2112.750 GC heap after
{Heap after GC invocations=553 (full 4):
 PSYoungGen      total 5120K, used 1536K [0x00000000d5580000, 0x00000000d6000000, 0x0000000100000000)
  eden space 3584K, 0% used [0x00000000d5580000,0x00000000d5580000,0x00000000d5900000)
  from space 1536K, 100% used [0x00000000d5b80000,0x00000000d5d00000,0x00000000d5d00000)
  to   space 3072K, 0% used [0x00000000d5d00000,0x00000000d5d00000,0x00000000d6000000)
 ParOldGen       total 493056K, used 493042K [0x0000000080000000, 0x000000009e180000, 0x00000000d5580000)
  object space 493056K, 99% used [0x0000000080000000,0x000000009e17c938,0x000000009e180000)
 Metaspace       used 78307K, committed 79936K, reserved 1179648K
  class space    used 7896K, committed 8576K, reserved 1048576K
}
Event: 2112.781 GC heap before
{Heap before GC invocations=554 (full 4):
 PSYoungGen      total 5120K, used 5119K [0x00000000d5580000, 0x00000000d6000000, 0x0000000100000000)
  eden space 3584K, 99% used [0x00000000d5580000,0x00000000d58fffd8,0x00000000d5900000)
  from space 1536K, 100% used [0x00000000d5b80000,0x00000000d5d00000,0x00000000d5d00000)
  to   space 3072K, 0% used [0x00000000d5d00000,0x00000000d5d00000,0x00000000d6000000)
 ParOldGen       total 493056K, used 493042K [0x0000000080000000, 0x000000009e180000, 0x00000000d5580000)
  object space 493056K, 99% used [0x0000000080000000,0x000000009e17c938,0x000000009e180000)
 Metaspace       used 78313K, committed 79936K, reserved 1179648K
  class space    used 7896K, committed 8576K, reserved 1048576K
}
Event: 2112.784 GC heap after
{Heap after GC invocations=554 (full 4):
 PSYoungGen      total 4608K, used 880K [0x00000000d5580000, 0x00000000d5e00000, 0x0000000100000000)
  eden space 3584K, 0% used [0x00000000d5580000,0x00000000d5580000,0x00000000d5900000)
  from space 1024K, 85% used [0x00000000d5d00000,0x00000000d5ddc010,0x00000000d5e00000)
  to   space 2048K, 0% used [0x00000000d5a00000,0x00000000d5a00000,0x00000000d5c00000)
 ParOldGen       total 494592K, used 494587K [0x0000000080000000, 0x000000009e300000, 0x00000000d5580000)
  object space 494592K, 99% used [0x0000000080000000,0x000000009e2fee80,0x000000009e300000)
 Metaspace       used 78313K, committed 79936K, reserved 1179648K
  class space    used 7896K, committed 8576K, reserved 1048576K
}
Event: 2112.804 GC heap before
{Heap before GC invocations=555 (full 4):
 PSYoungGen      total 4608K, used 4464K [0x00000000d5580000, 0x00000000d5e00000, 0x0000000100000000)
  eden space 3584K, 100% used [0x00000000d5580000,0x00000000d5900000,0x00000000d5900000)
  from space 1024K, 85% used [0x00000000d5d00000,0x00000000d5ddc010,0x00000000d5e00000)
  to   space 2048K, 0% used [0x00000000d5a00000,0x00000000d5a00000,0x00000000d5c00000)
 ParOldGen       total 494592K, used 494587K [0x0000000080000000, 0x000000009e300000, 0x00000000d5580000)
  object space 494592K, 99% used [0x0000000080000000,0x000000009e2fee80,0x000000009e300000)
 Metaspace       used 78316K, committed 79936K, reserved 1179648K
  class space    used 7896K, committed 8576K, reserved 1048576K
}
Event: 2112.810 GC heap after
{Heap after GC invocations=555 (full 4):
 PSYoungGen      total 5632K, used 1184K [0x00000000d5580000, 0x00000000d5d80000, 0x0000000100000000)
  eden space 3584K, 0% used [0x00000000d5580000,0x00000000d5580000,0x00000000d5900000)
  from space 2048K, 57% used [0x00000000d5a00000,0x00000000d5b28010,0x00000000d5c00000)
  to   space 1536K, 0% used [0x00000000d5c00000,0x00000000d5c00000,0x00000000d5d80000)
 ParOldGen       total 495616K, used 495395K [0x0000000080000000, 0x000000009e400000, 0x00000000d5580000)
  object space 495616K, 99% used [0x0000000080000000,0x000000009e3c8e80,0x000000009e400000)
 Metaspace       used 78316K, committed 79936K, reserved 1179648K
  class space    used 7896K, committed 8576K, reserved 1048576K
}
Event: 2113.098 GC heap before
{Heap before GC invocations=556 (full 4):
 PSYoungGen      total 5632K, used 4768K [0x00000000d5580000, 0x00000000d5d80000, 0x0000000100000000)
  eden space 3584K, 100% used [0x00000000d5580000,0x00000000d5900000,0x00000000d5900000)
  from space 2048K, 57% used [0x00000000d5a00000,0x00000000d5b28010,0x00000000d5c00000)
  to   space 1536K, 0% used [0x00000000d5c00000,0x00000000d5c00000,0x00000000d5d80000)
 ParOldGen       total 495616K, used 495395K [0x0000000080000000, 0x000000009e400000, 0x00000000d5580000)
  object space 495616K, 99% used [0x0000000080000000,0x000000009e3c8e80,0x000000009e400000)
 Metaspace       used 78316K, committed 79936K, reserved 1179648K
  class space    used 7896K, committed 8576K, reserved 1048576K
}
Event: 2113.101 GC heap after
{Heap after GC invocations=556 (full 4):
 PSYoungGen      total 5120K, used 1056K [0x00000000d5580000, 0x00000000d5d80000, 0x0000000100000000)
  eden space 3584K, 0% used [0x00000000d5580000,0x00000000d5580000,0x00000000d5900000)
  from space 1536K, 68% used [0x00000000d5c00000,0x00000000d5d08000,0x00000000d5d80000)
  to   space 1536K, 0% used [0x00000000d5a80000,0x00000000d5a80000,0x00000000d5c00000)
 ParOldGen       total 496640K, used 496507K [0x0000000080000000, 0x000000009e500000, 0x00000000d5580000)
  object space 496640K, 99% used [0x0000000080000000,0x000000009e4dee90,0x000000009e500000)
 Metaspace       used 78316K, committed 79936K, reserved 1179648K
  class space    used 7896K, committed 8576K, reserved 1048576K
}
Event: 3110.633 GC heap before
{Heap before GC invocations=557 (full 4):
 PSYoungGen      total 5120K, used 4640K [0x00000000d5580000, 0x00000000d5d80000, 0x0000000100000000)
  eden space 3584K, 100% used [0x00000000d5580000,0x00000000d5900000,0x00000000d5900000)
  from space 1536K, 68% used [0x00000000d5c00000,0x00000000d5d08000,0x00000000d5d80000)
  to   space 1536K, 0% used [0x00000000d5a80000,0x00000000d5a80000,0x00000000d5c00000)
 ParOldGen       total 496640K, used 496507K [0x0000000080000000, 0x000000009e500000, 0x00000000d5580000)
  object space 496640K, 99% used [0x0000000080000000,0x000000009e4dee90,0x000000009e500000)
 Metaspace       used 78340K, committed 79936K, reserved 1179648K
  class space    used 7896K, committed 8576K, reserved 1048576K
}
Event: 3111.012 GC heap after
{Heap after GC invocations=557 (full 4):
 PSYoungGen      total 4096K, used 192K [0x00000000d5580000, 0x00000000d5c80000, 0x0000000100000000)
  eden space 3584K, 0% used [0x00000000d5580000,0x00000000d5580000,0x00000000d5900000)
  from space 512K, 37% used [0x00000000d5a80000,0x00000000d5ab0000,0x00000000d5b00000)
  to   space 1024K, 0% used [0x00000000d5b80000,0x00000000d5b80000,0x00000000d5c80000)
 ParOldGen       total 497664K, used 497466K [0x0000000080000000, 0x000000009e600000, 0x00000000d5580000)
  object space 497664K, 99% used [0x0000000080000000,0x000000009e5ce8f8,0x000000009e600000)
 Metaspace       used 78340K, committed 79936K, reserved 1179648K
  class space    used 7896K, committed 8576K, reserved 1048576K
}

